<?xml version="1.0" encoding="UTF-8"?>
<!-- Generated by org.testng.reporters.JUnitReportReporter -->
<testsuite hostname="DESKTOP-CJORDV5" failures="0" tests="1" name="com.salesforce.testing.LoginTest" time="15.379" errors="0" timestamp="2023-02-13T18:46:52 EST" skipped="0">
  <testcase classname="com.salesforce.testing.LoginTest" name="error_logIn" time="15.379"/>
  <system-out/>
</testsuite> <!-- com.salesforce.testing.LoginTest -->
